Form data: <QueryDict: {'csrfmiddlewaretoken': ['fYPkkjOqjiCojlPhdwo4779COH6EFC60cdLU3syNhwNxMVUANFkyKJAUoiwiefhs'], 'name': ['CPU 16 gb'], 'service_type': ['upgrade'], 'description': ['f'], 'price': ['500'], 'estimated_time': ['30']}>
Cleaned data: {'name': 'CPU 16 gb', 'service_type': 'upgrade', 'description': 'f', 'price': Decimal('500'), 'estimated_time': datetime.timedelta(seconds=30), 'is_active': False}
Form is valid: True
Formset is valid: False
Form errors: 
Formset errors: []
Form data: <QueryDict: {'csrfmiddlewaretoken': ['q9U7i6mIZlCA6F2cmxfoj3Q8oqLCkpf8noQH1f65XzNJzf7vWGbSWFhqY1bgT2qA'], 'name': ['CPU 16 gb'], 'service_type': ['upgrade'], 'description': ['f'], 'price': ['500'], 'estimated_time': ['30']}>
Cleaned data: {'name': 'CPU 16 gb', 'service_type': 'upgrade', 'description': 'f', 'price': Decimal('500'), 'estimated_time': datetime.timedelta(seconds=30), 'is_active': False}
Form is valid: True
Formset is valid: False
Instance before save: {'_state': <django.db.models.base.ModelState object at 0x000001B08C1E0DD0>, 'id': None, 'name': 'CPU 16 gb', 'service_type': 'upgrade', 'description': 'f', 'price': Decimal('500'), 'estimated_time': datetime.timedelta(seconds=30), 'is_active': False, 'created_at': datetime.datetime(2025, 5, 6, 8, 51, 40, 704585, tzinfo=datetime.timezone.utc), 'updated_at': None}
Service saved: CPU 16 gb
Formset errors: []
Formset non form errors: <ul class="errorlist nonform"><li>ManagementForm data is missing or has been tampered with. Missing fields: service_parts-TOTAL_FORMS, service_parts-INITIAL_FORMS. You may need to file a bug report if the issue persists.</li></ul>
Cleaned data: {'name': 'CPU 16 gb', 'service_type': 'upgrade', 'description': 'f', 'price': Decimal('560.00'), 'estimated_time': datetime.timedelta(seconds=30), 'is_active': False}
Cleaned data: {'name': 'CPU 16 gb', 'service_type': 'upgrade', 'description': 'f', 'price': Decimal('560.00'), 'estimated_time': datetime.timedelta(seconds=30), 'is_active': False}
Form data: <QueryDict: {'csrfmiddlewaretoken': ['jCs4YiFcJSTvbl6TyxdVF3rsLcO8wMj0gRoEHrpzH64EEVbc8G9piFSKlNeM5pus'], 'name': ['CPU 16 gb'], 'service_type': ['upgrade'], 'description': ['f'], 'price': ['560.00'], 'estimated_time': ['00:00:30']}>
Cleaned data: {'name': 'CPU 16 gb', 'service_type': 'upgrade', 'description': 'f', 'price': Decimal('560.00'), 'estimated_time': datetime.timedelta(seconds=30), 'is_active': False}
Form is valid: True
Formset is valid: False
Instance before save: {'_state': <django.db.models.base.ModelState object at 0x0000020311A0AF90>, 'id': 5, 'name': 'CPU 16 gb', 'service_type': 'upgrade', 'description': 'f', 'price': Decimal('560.00'), 'estimated_time': datetime.timedelta(seconds=30), 'is_active': False, 'created_at': datetime.datetime(2025, 5, 6, 8, 51, 40, 704585, tzinfo=datetime.timezone.utc), 'updated_at': datetime.datetime(2025, 5, 6, 8, 51, 40, 707254, tzinfo=datetime.timezone.utc)}
Service updated: CPU 16 gb
Formset errors: []
Formset non form errors: <ul class="errorlist nonform"><li>ManagementForm data is missing or has been tampered with. Missing fields: service_parts-TOTAL_FORMS, service_parts-INITIAL_FORMS. You may need to file a bug report if the issue persists.</li></ul>
Form data: <QueryDict: {'csrfmiddlewaretoken': ['HAPret81VlcCrFqCdoXRFJVJjmuLSWFiEPL1XCSoTznLUfvVNxTlilm1TXUprzQK'], 'name': ['CPU 8 gb'], 'service_type': ['repair'], 'description': ['q'], 'price': ['0.05'], 'estimated_time': ['30']}>
Cleaned data: {'name': 'CPU 8 gb', 'service_type': 'repair', 'description': 'q', 'price': Decimal('0.05'), 'estimated_time': datetime.timedelta(seconds=30), 'is_active': False}
Form is valid: True
Formset is valid: False
Instance before save: {'_state': <django.db.models.base.ModelState object at 0x0000020311F40170>, 'id': None, 'name': 'CPU 8 gb', 'service_type': 'repair', 'description': 'q', 'price': Decimal('0.05'), 'estimated_time': datetime.timedelta(seconds=30), 'is_active': False, 'created_at': datetime.datetime(2025, 5, 6, 8, 53, 59, 836959, tzinfo=datetime.timezone.utc), 'updated_at': None}
Service saved: CPU 8 gb
Formset errors: []
Formset non form errors: <ul class="errorlist nonform"><li>ManagementForm data is missing or has been tampered with. Missing fields: service_parts-TOTAL_FORMS, service_parts-INITIAL_FORMS. You may need to file a bug report if the issue persists.</li></ul>
Cleaned data: {'name': 'CPU 16 gb', 'service_type': 'upgrade', 'description': 'q', 'price': Decimal('500'), 'estimated_time': datetime.timedelta(seconds=30), 'is_active': False}
Instance before save: {'_state': <django.db.models.base.ModelState object at 0x0000012D8FE25AF0>, 'id': None, 'name': 'CPU 16 gb', 'service_type': 'upgrade', 'description': 'q', 'price': Decimal('500'), 'estimated_time': datetime.timedelta(seconds=30), 'is_active': False, 'created_at': datetime.datetime(2025, 5, 6, 9, 54, 13, 114320, tzinfo=datetime.timezone.utc), 'updated_at': None}
Cleaned data: {'name': 'CPU 16 gb', 'service_type': 'upgrade', 'description': 'q', 'price': Decimal('500.00'), 'estimated_time': datetime.timedelta(seconds=30), 'is_active': False}
Instance before save: {'_state': <django.db.models.base.ModelState object at 0x0000012D8FE26B70>, 'id': 7, 'name': 'CPU 16 gb', 'service_type': 'upgrade', 'description': 'q', 'price': Decimal('500.00'), 'estimated_time': datetime.timedelta(seconds=30), 'is_active': False, 'created_at': datetime.datetime(2025, 5, 6, 9, 54, 13, 114320, tzinfo=datetime.timezone.utc), 'updated_at': datetime.datetime(2025, 5, 6, 9, 54, 13, 116049, tzinfo=datetime.timezone.utc)}
Cleaned data: {'name': 'CPU 16 gb', 'service_type': 'upgrade', 'description': 'q', 'price': Decimal('500.00'), 'estimated_time': datetime.timedelta(seconds=30), 'is_active': True}
Instance before save: {'_state': <django.db.models.base.ModelState object at 0x0000012D8FE0A270>, 'id': 7, 'name': 'CPU 16 gb', 'service_type': 'upgrade', 'description': 'q', 'price': Decimal('500.00'), 'estimated_time': datetime.timedelta(seconds=30), 'is_active': True, 'created_at': datetime.datetime(2025, 5, 6, 9, 54, 13, 114320, tzinfo=datetime.timezone.utc), 'updated_at': datetime.datetime(2025, 5, 6, 9, 54, 26, 186349, tzinfo=datetime.timezone.utc)}
Cleaned data: {'service_type': 'repair', 'description': '', 'is_active': True}
Cleaned data: {'name': 'CPU 16 gb', 'service_type': 'repair', 'description': 'q', 'price': Decimal('500'), 'estimated_time': datetime.timedelta(seconds=30), 'is_active': True}
Instance before save: {'_state': <django.db.models.base.ModelState object at 0x000001B6F13CA930>, 'id': None, 'name': 'CPU 16 gb', 'service_type': 'repair', 'description': 'q', 'price': Decimal('500'), 'estimated_time': datetime.timedelta(seconds=30), 'is_active': True, 'created_at': datetime.datetime(2025, 5, 6, 10, 29, 13, 676066, tzinfo=datetime.timezone.utc), 'updated_at': None}
Cleaned data: {'name': 'CPU 16 gb', 'service_type': 'upgrade', 'description': 'q', 'price': Decimal('500.00'), 'estimated_time': datetime.timedelta(seconds=30), 'is_active': False}
Instance before save: {'_state': <django.db.models.base.ModelState object at 0x00000171B11DACF0>, 'id': 7, 'name': 'CPU 16 gb', 'service_type': 'upgrade', 'description': 'q', 'price': Decimal('500.00'), 'estimated_time': datetime.timedelta(seconds=30), 'is_active': False, 'created_at': datetime.datetime(2025, 5, 6, 9, 54, 13, 114320, tzinfo=datetime.timezone.utc), 'updated_at': datetime.datetime(2025, 5, 6, 9, 56, 11, 608327, tzinfo=datetime.timezone.utc)}
Cleaned data: {'name': 'CPU 16 gb', 'service_type': 'upgrade', 'description': 'q', 'price': Decimal('500.00'), 'estimated_time': datetime.timedelta(seconds=30), 'is_active': True}
Instance before save: {'_state': <django.db.models.base.ModelState object at 0x00000171B0D7BD10>, 'id': 7, 'name': 'CPU 16 gb', 'service_type': 'upgrade', 'description': 'q', 'price': Decimal('500.00'), 'estimated_time': datetime.timedelta(seconds=30), 'is_active': True, 'created_at': datetime.datetime(2025, 5, 6, 9, 54, 13, 114320, tzinfo=datetime.timezone.utc), 'updated_at': datetime.datetime(2025, 5, 6, 10, 31, 7, 550595, tzinfo=datetime.timezone.utc)}
Cleaned data: {'name': 'CPU 16 gb', 'service_type': 'repair', 'description': 'ffff', 'price': Decimal('500'), 'estimated_time': datetime.timedelta(seconds=30), 'is_active': True}
Instance before save: {'_state': <django.db.models.base.ModelState object at 0x00000171B128A810>, 'id': None, 'name': 'CPU 16 gb', 'service_type': 'repair', 'description': 'ffff', 'price': Decimal('500'), 'estimated_time': datetime.timedelta(seconds=30), 'is_active': True, 'created_at': datetime.datetime(2025, 5, 6, 10, 31, 38, 877135, tzinfo=datetime.timezone.utc), 'updated_at': None}
Cleaned data: {'name': 'CPU 16 gb', 'service_type': 'repair', 'description': 'q', 'price': Decimal('500.00'), 'estimated_time': datetime.timedelta(seconds=30), 'is_active': True}
Instance before save: {'_state': <django.db.models.base.ModelState object at 0x00000171B11DAD50>, 'id': 8, 'name': 'CPU 16 gb', 'service_type': 'repair', 'description': 'q', 'price': Decimal('500.00'), 'estimated_time': datetime.timedelta(seconds=30), 'is_active': True, 'created_at': datetime.datetime(2025, 5, 6, 10, 29, 13, 676066, tzinfo=datetime.timezone.utc), 'updated_at': datetime.datetime(2025, 5, 6, 10, 29, 13, 677679, tzinfo=datetime.timezone.utc)}
Cleaned data: {'name': 'CPU 16 gb', 'service_type': 'maintenance', 'description': 'q', 'price': Decimal('500.00'), 'estimated_time': datetime.timedelta(seconds=30), 'is_active': True}
Instance before save: {'_state': <django.db.models.base.ModelState object at 0x00000171B128B050>, 'id': 7, 'name': 'CPU 16 gb', 'service_type': 'maintenance', 'description': 'q', 'price': Decimal('500.00'), 'estimated_time': datetime.timedelta(seconds=30), 'is_active': True, 'created_at': datetime.datetime(2025, 5, 6, 9, 54, 13, 114320, tzinfo=datetime.timezone.utc), 'updated_at': datetime.datetime(2025, 5, 6, 10, 31, 20, 765176, tzinfo=datetime.timezone.utc)}
Cleaned data: {'name': 'ggg', 'service_type': 'maintenance', 'description': 'ggg', 'price': Decimal('400'), 'estimated_time': datetime.timedelta(seconds=30), 'is_active': True}
Instance before save: {'_state': <django.db.models.base.ModelState object at 0x000002971FF483B0>, 'id': None, 'name': 'ggg', 'service_type': 'maintenance', 'description': 'ggg', 'price': Decimal('400'), 'estimated_time': datetime.timedelta(seconds=30), 'is_active': True, 'created_at': datetime.datetime(2025, 5, 6, 10, 37, 31, 967266, tzinfo=datetime.timezone.utc), 'updated_at': None}
Cleaned data: {'name': 'CPU 16 gb', 'service_type': 'repair', 'description': 'ffff', 'price': Decimal('500.00'), 'estimated_time': datetime.timedelta(seconds=30), 'is_active': True}
Instance before save: {'_state': <django.db.models.base.ModelState object at 0x00000224FCEAAB10>, 'id': 9, 'name': 'CPU 16 gb', 'service_type': 'repair', 'description': 'ffff', 'price': Decimal('500.00'), 'estimated_time': datetime.timedelta(seconds=30), 'is_active': True, 'created_at': datetime.datetime(2025, 5, 6, 10, 31, 38, 877135, tzinfo=datetime.timezone.utc), 'updated_at': datetime.datetime(2025, 5, 6, 10, 31, 38, 878371, tzinfo=datetime.timezone.utc)}
Cleaned data: {'name': 'CPU 16 gb', 'service_type': 'repair', 'description': 'q', 'price': Decimal('500.00'), 'estimated_time': datetime.timedelta(seconds=30), 'is_active': True}
Instance before save: {'_state': <django.db.models.base.ModelState object at 0x00000284023612B0>, 'id': 8, 'name': 'CPU 16 gb', 'service_type': 'repair', 'description': 'q', 'price': Decimal('500.00'), 'estimated_time': datetime.timedelta(seconds=30), 'is_active': True, 'created_at': datetime.datetime(2025, 5, 6, 10, 29, 13, 676066, tzinfo=datetime.timezone.utc), 'updated_at': datetime.datetime(2025, 5, 6, 10, 32, 4, 768320, tzinfo=datetime.timezone.utc)}
Cleaned data: {'name': 'CPU 16 gb', 'service_type': 'maintenance', 'description': 'q', 'price': Decimal('500.00'), 'estimated_time': datetime.timedelta(seconds=30), 'is_active': True}
Instance before save: {'_state': <django.db.models.base.ModelState object at 0x0000022294323A10>, 'id': 7, 'name': 'CPU 16 gb', 'service_type': 'maintenance', 'description': 'q', 'price': Decimal('500.00'), 'estimated_time': datetime.timedelta(seconds=30), 'is_active': True, 'created_at': datetime.datetime(2025, 5, 6, 9, 54, 13, 114320, tzinfo=datetime.timezone.utc), 'updated_at': datetime.datetime(2025, 5, 6, 10, 34, 53, 457015, tzinfo=datetime.timezone.utc)}
Cleaned data: {'name': 'CPU 16 gb', 'service_type': 'repair', 'description': 'ffff', 'price': Decimal('500.00'), 'estimated_time': datetime.timedelta(seconds=30), 'is_active': True}
Instance before save: {'_state': <django.db.models.base.ModelState object at 0x0000015C4D7E52B0>, 'id': 9, 'name': 'CPU 16 gb', 'service_type': 'repair', 'description': 'ffff', 'price': Decimal('500.00'), 'estimated_time': datetime.timedelta(seconds=30), 'is_active': True, 'created_at': datetime.datetime(2025, 5, 6, 10, 31, 38, 877135, tzinfo=datetime.timezone.utc), 'updated_at': datetime.datetime(2025, 5, 6, 10, 40, 0, 878763, tzinfo=datetime.timezone.utc)}
Cleaned data: {'service_type': 'repair', 'description': '', 'is_active': True}
Cleaned data: {'name': 'CPU 16 gb', 'service_type': 'repair', 'description': 'q', 'price': Decimal('400'), 'estimated_time': datetime.timedelta(seconds=30), 'is_active': True}
Instance before save: {'_state': <django.db.models.base.ModelState object at 0x0000015C4D7E4650>, 'id': None, 'name': 'CPU 16 gb', 'service_type': 'repair', 'description': 'q', 'price': Decimal('400'), 'estimated_time': datetime.timedelta(seconds=30), 'is_active': True, 'created_at': datetime.datetime(2025, 5, 6, 10, 46, 40, 2304, tzinfo=datetime.timezone.utc), 'updated_at': None}
Cleaned data: {'name': 'CPU 16 gb', 'service_type': 'repair', 'description': 'q', 'price': Decimal('400'), 'estimated_time': datetime.timedelta(seconds=30), 'is_active': True}
Instance before save: {'_state': <django.db.models.base.ModelState object at 0x00000224F14BB9B0>, 'id': None, 'name': 'CPU 16 gb', 'service_type': 'repair', 'description': 'q', 'price': Decimal('400'), 'estimated_time': datetime.timedelta(seconds=30), 'is_active': True, 'created_at': datetime.datetime(2025, 5, 6, 10, 51, 3, 79814, tzinfo=datetime.timezone.utc), 'updated_at': None}
Cleaned data: {'name': 'CPU 16 gb', 'service_type': 'repair', 'description': 'q', 'price': Decimal('400'), 'estimated_time': datetime.timedelta(seconds=30), 'is_active': True}
Instance before save: {'_state': <django.db.models.base.ModelState object at 0x0000024D66D469F0>, 'id': None, 'name': 'CPU 16 gb', 'service_type': 'repair', 'description': 'q', 'price': Decimal('400'), 'estimated_time': datetime.timedelta(seconds=30), 'is_active': True, 'created_at': datetime.datetime(2025, 5, 6, 10, 52, 22, 525479, tzinfo=datetime.timezone.utc), 'updated_at': None}
Cleaned data: {'name': 'CPU 16 gb', 'service_type': 'repair', 'description': 'q', 'price': Decimal('400.00'), 'estimated_time': datetime.timedelta(seconds=30), 'is_active': True}
Instance before save: {'_state': <django.db.models.base.ModelState object at 0x0000026A324A1190>, 'id': 13, 'name': 'CPU 16 gb', 'service_type': 'repair', 'description': 'q', 'price': Decimal('400.00'), 'estimated_time': datetime.timedelta(seconds=30), 'is_active': True, 'created_at': datetime.datetime(2025, 5, 6, 10, 52, 22, 525479, tzinfo=datetime.timezone.utc), 'updated_at': datetime.datetime(2025, 5, 6, 10, 52, 22, 531236, tzinfo=datetime.timezone.utc)}
Cleaned data: {'name': 'CPU 16 gb', 'service_type': 'repair', 'description': 'q', 'price': Decimal('400'), 'estimated_time': datetime.timedelta(seconds=30), 'is_active': True}
Instance before save: {'_state': <django.db.models.base.ModelState object at 0x000001D522827A10>, 'id': None, 'name': 'CPU 16 gb', 'service_type': 'repair', 'description': 'q', 'price': Decimal('400'), 'estimated_time': datetime.timedelta(seconds=30), 'is_active': True, 'created_at': datetime.datetime(2025, 5, 6, 11, 9, 58, 984473, tzinfo=datetime.timezone.utc), 'updated_at': None}
Cleaned data: {'name': 'CPU 16 gb', 'service_type': 'repair', 'description': 'q', 'price': Decimal('400'), 'estimated_time': datetime.timedelta(seconds=30), 'is_active': True}
Instance before save: {'_state': <django.db.models.base.ModelState object at 0x000001D522966C90>, 'id': None, 'name': 'CPU 16 gb', 'service_type': 'repair', 'description': 'q', 'price': Decimal('400'), 'estimated_time': datetime.timedelta(seconds=30), 'is_active': True, 'created_at': datetime.datetime(2025, 5, 6, 11, 10, 36, 748789, tzinfo=datetime.timezone.utc), 'updated_at': None}
Cleaned data: {'name': 'CPU 16 gb', 'service_type': 'repair', 'description': 'q', 'price': Decimal('400.00'), 'estimated_time': datetime.timedelta(seconds=30), 'is_active': True}
Instance before save: {'_state': <django.db.models.base.ModelState object at 0x0000019E7CD21790>, 'id': 15, 'name': 'CPU 16 gb', 'service_type': 'repair', 'description': 'q', 'price': Decimal('400.00'), 'estimated_time': datetime.timedelta(seconds=30), 'is_active': True, 'created_at': datetime.datetime(2025, 5, 6, 11, 10, 36, 748789, tzinfo=datetime.timezone.utc), 'updated_at': datetime.datetime(2025, 5, 6, 11, 10, 36, 750730, tzinfo=datetime.timezone.utc)}
Cleaned data: {'name': 'CPU 16 gb', 'service_type': 'repair', 'description': '', 'price': Decimal('400'), 'estimated_time': datetime.timedelta(seconds=30), 'is_active': True}
Instance before save: {'_state': <django.db.models.base.ModelState object at 0x0000019E7CD22E70>, 'id': None, 'name': 'CPU 16 gb', 'service_type': 'repair', 'description': '', 'price': Decimal('400'), 'estimated_time': datetime.timedelta(seconds=30), 'is_active': True, 'created_at': datetime.datetime(2025, 5, 6, 11, 19, 39, 984668, tzinfo=datetime.timezone.utc), 'updated_at': None}
Cleaned data: {'name': 'Maks Botsenuik', 'service_type': 'cleaning', 'description': 'fasdasd', 'price': Decimal('300'), 'estimated_time': datetime.timedelta(seconds=1), 'is_active': True}
Instance before save: {'_state': <django.db.models.base.ModelState object at 0x000002871AA0F5F0>, 'id': None, 'name': 'Maks Botsenuik', 'service_type': 'cleaning', 'description': 'fasdasd', 'price': Decimal('300'), 'estimated_time': datetime.timedelta(seconds=1), 'is_active': True, 'created_at': datetime.datetime(2025, 5, 6, 19, 16, 19, 114230, tzinfo=datetime.timezone.utc), 'updated_at': None}
Cleaned data: {'name': 'Maks Botsenuik', 'service_type': 'repair', 'description': 'ggg', 'price': Decimal('300'), 'estimated_time': datetime.timedelta(seconds=1), 'is_active': True}
Instance before save: {'_state': <django.db.models.base.ModelState object at 0x000002871AA0FEF0>, 'id': None, 'name': 'Maks Botsenuik', 'service_type': 'repair', 'description': 'ggg', 'price': Decimal('300'), 'estimated_time': datetime.timedelta(seconds=1), 'is_active': True, 'created_at': datetime.datetime(2025, 5, 6, 19, 16, 40, 945093, tzinfo=datetime.timezone.utc), 'updated_at': None}
Cleaned data: {'name': 'Maks Botsenuik', 'service_type': 'repair', 'description': '', 'price': Decimal('300'), 'estimated_time': datetime.timedelta(seconds=1), 'is_active': True}
Instance before save: {'_state': <django.db.models.base.ModelState object at 0x000001BB5B7961B0>, 'id': None, 'name': 'Maks Botsenuik', 'service_type': 'repair', 'description': '', 'price': Decimal('300'), 'estimated_time': datetime.timedelta(seconds=1), 'is_active': True, 'created_at': datetime.datetime(2025, 5, 6, 19, 18, 7, 34551, tzinfo=datetime.timezone.utc), 'updated_at': None}
Cleaned data: {'name': 'Maks Botsenuik', 'service_type': 'repair', 'description': '', 'price': Decimal('300'), 'estimated_time': datetime.timedelta(seconds=1), 'is_active': True}
Instance before save: {'_state': <django.db.models.base.ModelState object at 0x0000013F1199BB90>, 'id': None, 'name': 'Maks Botsenuik', 'service_type': 'repair', 'description': '', 'price': Decimal('300'), 'estimated_time': datetime.timedelta(seconds=1), 'is_active': True, 'created_at': datetime.datetime(2025, 5, 6, 19, 18, 38, 554528, tzinfo=datetime.timezone.utc), 'updated_at': None}
Cleaned data: {'name': 'Maks Botsenuik', 'service_type': 'repair', 'description': '', 'price': Decimal('300.00'), 'estimated_time': datetime.timedelta(seconds=30), 'is_active': True}
Instance before save: {'_state': <django.db.models.base.ModelState object at 0x0000013F1199BEF0>, 'id': 20, 'name': 'Maks Botsenuik', 'service_type': 'repair', 'description': '', 'price': Decimal('300.00'), 'estimated_time': datetime.timedelta(seconds=30), 'is_active': True, 'created_at': datetime.datetime(2025, 5, 6, 19, 18, 38, 554528, tzinfo=datetime.timezone.utc), 'updated_at': datetime.datetime(2025, 5, 6, 19, 18, 38, 556193, tzinfo=datetime.timezone.utc)}
Cleaned data: {'name': 'Maks Botsenuik', 'service_type': 'repair', 'description': '', 'price': Decimal('300'), 'estimated_time': datetime.timedelta(seconds=3600), 'is_active': True}
Instance before save: {'_state': <django.db.models.base.ModelState object at 0x000001F1915EBC50>, 'id': None, 'name': 'Maks Botsenuik', 'service_type': 'repair', 'description': '', 'price': Decimal('300'), 'estimated_time': datetime.timedelta(seconds=3600), 'is_active': True, 'created_at': datetime.datetime(2025, 5, 6, 19, 22, 15, 852917, tzinfo=datetime.timezone.utc), 'updated_at': None}
Cleaned data: {'name': 'Maks Botsenuik', 'service_type': 'repair', 'description': '', 'price': Decimal('300'), 'estimated_time': datetime.timedelta(seconds=3600), 'is_active': True}
Instance before save: {'_state': <django.db.models.base.ModelState object at 0x0000018A9761D3D0>, 'id': None, 'name': 'Maks Botsenuik', 'service_type': 'repair', 'description': '', 'price': Decimal('300'), 'estimated_time': datetime.timedelta(seconds=3600), 'is_active': True, 'created_at': datetime.datetime(2025, 5, 8, 13, 39, 11, 740539, tzinfo=datetime.timezone.utc), 'updated_at': None}
Cleaned data: {'name': 'add videocard', 'service_type': 'upgrade', 'description': '', 'price': Decimal('5000'), 'estimated_time': datetime.timedelta(seconds=18000), 'is_active': True}
Instance before save: {'_state': <django.db.models.base.ModelState object at 0x00000257487CD6D0>, 'id': None, 'name': 'add videocard', 'service_type': 'upgrade', 'description': '', 'price': Decimal('5000'), 'estimated_time': datetime.timedelta(seconds=18000), 'is_active': True, 'created_at': datetime.datetime(2025, 5, 8, 19, 0, 10, 450583, tzinfo=datetime.timezone.utc), 'updated_at': None}
